#
# There is insufficient memory for the Java Runtime Environment to continue.
# Native memory allocation (malloc) failed to allocate 1048576 bytes for AllocateHeap
# Possible reasons:
#   The system is out of physical RAM or swap space
#   In 32 bit mode, the process size limit was hit
# Possible solutions:
#   Reduce memory load on the system
#   Increase physical memory or swap space
#   Check if swap backing store is full
#   Use 64 bit Java on a 64 bit OS
#   Decrease Java heap size (-Xmx/-Xms)
#   Decrease number of Java threads
#   Decrease Java thread stack sizes (-Xss)
#   Set larger code cache with -XX:ReservedCodeCacheSize=
# This output file may be truncated or incomplete.
#
#  Out of Memory Error (memory/allocation.inline.hpp:61), pid=7404, tid=0x000000000000347c
#
# JRE version:  (8.0_171-b11) (build )
# Java VM: Java HotSpot(TM) 64-Bit Server VM (25.171-b11 mixed mode windows-amd64 compressed oops)
# Failed to write core dump. Minidumps are not enabled by default on client versions of Windows
#

---------------  T H R E A D  ---------------

Current thread (0x0000000002b42800):  JavaThread "Unknown thread" [_thread_in_vm, id=13436, stack(0x0000000002a40000,0x0000000002b40000)]

Stack: [0x0000000002a40000,0x0000000002b40000]
[error occurred during error reporting (printing stack bounds), id 0xc0000005]

Native frames: (J=compiled Java code, j=interpreted, Vv=VM code, C=native code)


---------------  P R O C E S S  ---------------

Java Threads: ( => current thread )

Other Threads:

=>0x0000000002b42800 (exited) JavaThread "Unknown thread" [_thread_in_vm, id=13436, stack(0x0000000002a40000,0x0000000002b40000)]

VM state:not at safepoint (normal execution)

VM Mutex/Monitor currently owned by a thread: None

Heap:
 PSYoungGen      total 38400K, used 665K [0x00000000d5d00000, 0x00000000d8780000, 0x0000000100000000)
  eden space 33280K, 2% used [0x00000000d5d00000,0x00000000d5da6670,0x00000000d7d80000)
  from space 5120K, 0% used [0x00000000d8280000,0x00000000d8280000,0x00000000d8780000)
  to   space 5120K, 0% used [0x00000000d7d80000,0x00000000d7d80000,0x00000000d8280000)
 ParOldGen       total 87552K, used 0K [0x0000000081600000, 0x0000000086b80000, 0x00000000d5d00000)
  object space 87552K, 0% used [0x0000000081600000,0x0000000081600000,0x0000000086b80000)
 Metaspace       used 774K, capacity 4480K, committed 4480K, reserved 1056768K
  class space    used 76K, capacity 384K, committed 384K, reserved 1048576K

Card table byte_map: [0x0000000012000000,0x0000000012400000] byte_map_base: 0x0000000011bf5000

Marking Bits: (ParMarkBitMap*) 0x00000000671408c0
 Begin Bits: [0x0000000012eb0000, 0x0000000014e58000)
 End Bits:   [0x0000000014e58000, 0x0000000016e00000)

Polling page: 0x0000000000b50000

CodeCache: size=245760Kb used=328Kb max_used=328Kb free=245431Kb
 bounds [0x0000000002c40000, 0x0000000002eb0000, 0x0000000011c40000]
 total_blobs=58 nmethods=0 adapters=38
 compilation: enabled

Compilation events (0 events):
No events

GC Heap History (0 events):
No events

Deoptimization events (0 events):
No events

Classes redefined (0 events):
No events

Internal exceptions (0 events):
No events

Events (10 events):
Event: 0.030 loading class java/lang/Short
Event: 0.030 loading class java/lang/Short done
Event: 0.030 loading class java/lang/Integer
Event: 0.030 loading class java/lang/Integer done
Event: 0.030 loading class java/lang/Long
Event: 0.030 loading class java/lang/Long done
Event: 0.031 loading class java/lang/NullPointerException
Event: 0.031 loading class java/lang/NullPointerException done
Event: 0.031 loading class java/lang/ArithmeticException
Event: 0.031 loading class java/lang/ArithmeticException done


Dynamic libraries:
0x00007ff67a960000 - 0x00007ff67a997000 	C:\Program Files\Java\jdk1.8.0_171\bin\java.exe
0x00007ffb3ef20000 - 0x00007ffb3f101000 	C:\WINDOWS\SYSTEM32\ntdll.dll
0x00007ffb3cdf0000 - 0x00007ffb3cea1000 	C:\WINDOWS\System32\KERNEL32.DLL
0x00007ffb3b3a0000 - 0x00007ffb3b613000 	C:\WINDOWS\System32\KERNELBASE.dll
0x00007ffb3d400000 - 0x00007ffb3d4a1000 	C:\WINDOWS\System32\ADVAPI32.dll
0x00007ffb3d030000 - 0x00007ffb3d0ce000 	C:\WINDOWS\System32\msvcrt.dll
0x00007ffb3c810000 - 0x00007ffb3c86b000 	C:\WINDOWS\System32\sechost.dll
0x00007ffb3ebc0000 - 0x00007ffb3ece4000 	C:\WINDOWS\System32\RPCRT4.dll
0x00007ffb3d5f0000 - 0x00007ffb3d780000 	C:\WINDOWS\System32\USER32.dll
0x00007ffb3bae0000 - 0x00007ffb3bb00000 	C:\WINDOWS\System32\win32u.dll
0x00007ffb3d560000 - 0x00007ffb3d588000 	C:\WINDOWS\System32\GDI32.dll
0x00007ffb3b940000 - 0x00007ffb3bad1000 	C:\WINDOWS\System32\gdi32full.dll
0x00007ffb3bc00000 - 0x00007ffb3bc9f000 	C:\WINDOWS\System32\msvcp_win.dll
0x00007ffb3bb00000 - 0x00007ffb3bbf8000 	C:\WINDOWS\System32\ucrtbase.dll
0x00007ffb30ed0000 - 0x00007ffb31139000 	C:\WINDOWS\WinSxS\amd64_microsoft.windows.common-controls_6595b64144ccf1df_6.0.17134.885_none_fb42a3473065565f\COMCTL32.dll
0x00007ffb3d0d0000 - 0x00007ffb3d3f2000 	C:\WINDOWS\System32\combase.dll
0x00007ffb3b8c0000 - 0x00007ffb3b939000 	C:\WINDOWS\System32\bcryptPrimitives.dll
0x00007ffb3c9f0000 - 0x00007ffb3ca1d000 	C:\WINDOWS\System32\IMM32.DLL
0x0000000066840000 - 0x0000000066912000 	C:\Program Files\Java\jdk1.8.0_171\jre\bin\msvcr100.dll
0x0000000066920000 - 0x00000000671c0000 	C:\Program Files\Java\jdk1.8.0_171\jre\bin\server\jvm.dll
0x00007ffb3cd70000 - 0x00007ffb3cd78000 	C:\WINDOWS\System32\PSAPI.DLL
0x00007ffb37d20000 - 0x00007ffb37d43000 	C:\WINDOWS\SYSTEM32\WINMM.dll
0x00007ffaf4e30000 - 0x00007ffaf4e39000 	C:\WINDOWS\SYSTEM32\WSOCK32.dll
0x00007ffb36900000 - 0x00007ffb3690a000 	C:\WINDOWS\SYSTEM32\VERSION.dll
0x00007ffb3cd80000 - 0x00007ffb3cdec000 	C:\WINDOWS\System32\WS2_32.dll
0x00007ffb37cf0000 - 0x00007ffb37d1a000 	C:\WINDOWS\SYSTEM32\winmmbase.dll
0x00007ffb3b870000 - 0x00007ffb3b8b9000 	C:\WINDOWS\System32\cfgmgr32.dll
0x00000000667f0000 - 0x00000000667ff000 	C:\Program Files\Java\jdk1.8.0_171\jre\bin\verify.dll
0x00000000667c0000 - 0x00000000667e9000 	C:\Program Files\Java\jdk1.8.0_171\jre\bin\java.dll
0x00000000667a0000 - 0x00000000667b6000 	C:\Program Files\Java\jdk1.8.0_171\jre\bin\zip.dll

VM Arguments:
jvm_args: -Dfile.encoding=UTF-8 
java_command: view.ConfirmOrderFrm
java_class_path (initial): C:\Users\Admin\Downloads\jcalendar-1.2.2.jar;E:\Downloads\mysql-connector-java-5.1.47\mysql-connector-java-5.1.47.jar;C:\Users\Admin\Documents\NetBeansProjects\RestaurantManagement\build\classes
Launcher Type: SUN_STANDARD

Environment Variables:
PATH=C:\Program Files\Microsoft MPI\Bin\;C:\Windows\system32;C:\Windows;C:\Windows\System32\Wbem;C:\Windows\System32\WindowsPowerShell\v1.0\;C:\Program Files (x86)\NVIDIA Corporation\PhysX\Common;C:\WINDOWS\system32;C:\WINDOWS;C:\WINDOWS\System32\Wbem;C:\WINDOWS\System32\WindowsPowerShell\v1.0\;C:\WINDOWS\System32\OpenSSH\;C:\Program Files (x86)\Microsoft SQL Server\90\Tools\binn\;C:\Python27\Scripts;C:\Anaconda3;C:\Anaconda3\Scripts;C:\Program Files\Git\cmd;C:\Program Files\Microsoft SQL Server\Client SDK\ODBC\130\Tools\Binn\;C:\Program Files (x86)\Microsoft SQL Server\140\Tools\Binn\;C:\Program Files\Microsoft SQL Server\140\Tools\Binn\;C:\Program Files\Microsoft SQL Server\140\DTS\Binn\;C:\Program Files (x86)\Microsoft SQL Server\140\DTS\Binn\;C:\Program Files (x86)\Microsoft SQL Server\150\DTS\Binn\;E:\MATLAB\bin;C:\Program Files\Java\jdk1.8.0_171\bin;C:\apache-maven-3.6.0\bin;C:\Users\Admin\AppData\Local\Programs\Python\Python37\Scripts;C:\Users\Admin\AppData\Local\Programs\Python\Python37\Scripts\;C:\Users\Admin\AppData\Local\Programs\Python\Python37\;C:\Python27;C:\Program Files\JetBrains\PyCharm 2019.1.3\bin;;C:\Program Files\JetBrains\PyCharm Community Edition 2019.2\bin;
USERNAME=Admin
OS=Windows_NT
PROCESSOR_IDENTIFIER=Intel64 Family 6 Model 60 Stepping 3, GenuineIntel



---------------  S Y S T E M  ---------------

OS: Windows 10.0 , 64 bit Build 17134 (10.0.17134.753)

CPU:total 8 (initial active 8) (4 cores per cpu, 2 threads per core) family 6 model 60 stepping 3, cmov, cx8, fxsr, mmx, sse, sse2, sse3, ssse3, sse4.1, sse4.2, popcnt, avx, avx2, aes, clmul, erms, lzcnt, ht, tsc, tscinvbit, bmi1, bmi2

Memory: 4k page, physical 8291496k(1522312k free), swap 12882284k(16408k free)

vm_info: Java HotSpot(TM) 64-Bit Server VM (25.171-b11) for windows-amd64 JRE (1.8.0_171-b11), built on Mar 28 2018 16:06:12 by "java_re" with MS VC++ 10.0 (VS2010)

time: Sat Nov 16 22:32:19 2019
elapsed time: 0 seconds (0d 0h 0m 0s)

